<?xml version="1.0" encoding="UTF-8"?>
<!-- Generated by org.testng.reporters.JUnitReportReporter -->
<testsuite hostname="HP" name="testNG.TestClass" tests="1" failures="0" timestamp="2 Jan 2022 14:00:22 GMT" time="60.050" errors="0">
  <testcase name="shopping_test" time="60.050" classname="testNG.TestClass"/>
</testsuite> <!-- testNG.TestClass -->
