<?xml version="1.0" encoding="UTF-8"?>
<!-- Generated by org.testng.reporters.JUnitReportReporter -->
<testsuite hostname="HP" name="com.automationpractice.Shopping.TestClass" tests="1" failures="0" timestamp="2 Jan 2022 13:52:18 GMT" time="66.732" errors="0">
  <testcase name="shopping_test" time="66.732" classname="com.automationpractice.Shopping.TestClass"/>
</testsuite> <!-- com.automationpractice.Shopping.TestClass -->
